[2023-05-19 18:16:47] local.ERROR: SQLSTATE[42S02]: Base table or view not found: 1146 Table 'forum.channels' doesn't exist (SQL: select * from `channels`) {"exception":"[object] (Illuminate\\Database\\QueryException(code: 42S02): SQLSTATE[42S02]: Base table or view not found: 1146 Table 'forum.channels' doesn't exist (SQL: select * from `channels`) at D:\\Dev\\projects\\laravel forum heroku\\vendor\\laravel\\framework\\src\\Illuminate\\Database\\Connection.php:669)
[stacktrace]
#0 D:\\Dev\\projects\\laravel forum heroku\\vendor\\laravel\\framework\\src\\Illuminate\\Database\\Connection.php(629): Illuminate\\Database\\Connection->runQueryCallback('select * from `...', Array, Object(Closure))
#1 D:\\Dev\\projects\\laravel forum heroku\\vendor\\laravel\\framework\\src\\Illuminate\\Database\\Connection.php(338): Illuminate\\Database\\Connection->run('select * from `...', Array, Object(Closure))
#2 D:\\Dev\\projects\\laravel forum heroku\\vendor\\laravel\\framework\\src\\Illuminate\\Database\\Query\\Builder.php(2149): Illuminate\\Database\\Connection->select('select * from `...', Array, true)
#3 D:\\Dev\\projects\\laravel forum heroku\\vendor\\laravel\\framework\\src\\Illuminate\\Database\\Query\\Builder.php(2137): Illuminate\\Database\\Query\\Builder->runSelect()
#4 D:\\Dev\\projects\\laravel forum heroku\\vendor\\laravel\\framework\\src\\Illuminate\\Database\\Query\\Builder.php(2609): Illuminate\\Database\\Query\\Builder->Illuminate\\Database\\Query\\{closure}()
#5 D:\\Dev\\projects\\laravel forum heroku\\vendor\\laravel\\framework\\src\\Illuminate\\Database\\Query\\Builder.php(2138): Illuminate\\Database\\Query\\Builder->onceWithColumns(Array, Object(Closure))
#6 D:\\Dev\\projects\\laravel forum heroku\\vendor\\laravel\\framework\\src\\Illuminate\\Database\\Eloquent\\Builder.php(545): Illuminate\\Database\\Query\\Builder->get(Array)
#7 D:\\Dev\\projects\\laravel forum heroku\\vendor\\laravel\\framework\\src\\Illuminate\\Database\\Eloquent\\Builder.php(529): Illuminate\\Database\\Eloquent\\Builder->getModels(Array)
#8 D:\\Dev\\projects\\laravel forum heroku\\vendor\\laravel\\framework\\src\\Illuminate\\Database\\Eloquent\\Model.php(463): Illuminate\\Database\\Eloquent\\Builder->get(Array)
#9 D:\\Dev\\projects\\laravel forum heroku\\app\\Providers\\AppServiceProvider.php(31): Illuminate\\Database\\Eloquent\\Model::all()
#10 [internal function]: App\\Providers\\AppServiceProvider->boot()
#11 D:\\Dev\\projects\\laravel forum heroku\\vendor\\laravel\\framework\\src\\Illuminate\\Container\\BoundMethod.php(32): call_user_func_array(Array, Array)
#12 D:\\Dev\\projects\\laravel forum heroku\\vendor\\laravel\\framework\\src\\Illuminate\\Container\\Util.php(37): Illuminate\\Container\\BoundMethod::Illuminate\\Container\\{closure}()
#13 D:\\Dev\\projects\\laravel forum heroku\\vendor\\laravel\\framework\\src\\Illuminate\\Container\\BoundMethod.php(90): Illuminate\\Container\\Util::unwrapIfClosure(Object(Closure))
#14 D:\\Dev\\projects\\laravel forum heroku\\vendor\\laravel\\framework\\src\\Illuminate\\Container\\BoundMethod.php(34): Illuminate\\Container\\BoundMethod::callBoundMethod(Object(Illuminate\\Foundation\\Application), Array, Object(Closure))
#15 D:\\Dev\\projects\\laravel forum heroku\\vendor\\laravel\\framework\\src\\Illuminate\\Container\\Container.php(590): Illuminate\\Container\\BoundMethod::call(Object(Illuminate\\Foundation\\Application), Array, Array, NULL)
#16 D:\\Dev\\projects\\laravel forum heroku\\vendor\\laravel\\framework\\src\\Illuminate\\Foundation\\Application.php(856): Illuminate\\Container\\Container->call(Array)
#17 D:\\Dev\\projects\\laravel forum heroku\\vendor\\laravel\\framework\\src\\Illuminate\\Foundation\\Application.php(839): Illuminate\\Foundation\\Application->bootProvider(Object(App\\Providers\\AppServiceProvider))
#18 [internal function]: Illuminate\\Foundation\\Application->Illuminate\\Foundation\\{closure}(Object(App\\Providers\\AppServiceProvider), 19)
#19 D:\\Dev\\projects\\laravel forum heroku\\vendor\\laravel\\framework\\src\\Illuminate\\Foundation\\Application.php(840): array_walk(Array, Object(Closure))
#20 D:\\Dev\\projects\\laravel forum heroku\\vendor\\laravel\\framework\\src\\Illuminate\\Foundation\\Bootstrap\\BootProviders.php(17): Illuminate\\Foundation\\Application->boot()
#21 D:\\Dev\\projects\\laravel forum heroku\\vendor\\laravel\\framework\\src\\Illuminate\\Foundation\\Application.php(219): Illuminate\\Foundation\\Bootstrap\\BootProviders->bootstrap(Object(Illuminate\\Foundation\\Application))
#22 D:\\Dev\\projects\\laravel forum heroku\\vendor\\laravel\\framework\\src\\Illuminate\\Foundation\\Console\\Kernel.php(320): Illuminate\\Foundation\\Application->bootstrapWith(Array)
#23 D:\\Dev\\projects\\laravel forum heroku\\vendor\\laravel\\framework\\src\\Illuminate\\Foundation\\Console\\Kernel.php(129): Illuminate\\Foundation\\Console\\Kernel->bootstrap()
#24 D:\\Dev\\projects\\laravel forum heroku\\artisan(37): Illuminate\\Foundation\\Console\\Kernel->handle(Object(Symfony\\Component\\Console\\Input\\ArgvInput), Object(Symfony\\Component\\Console\\Output\\ConsoleOutput))
#25 {main}

[previous exception] [object] (PDOException(code: 42S02): SQLSTATE[42S02]: Base table or view not found: 1146 Table 'forum.channels' doesn't exist at D:\\Dev\\projects\\laravel forum heroku\\vendor\\laravel\\framework\\src\\Illuminate\\Database\\Connection.php:331)
[stacktrace]
#0 D:\\Dev\\projects\\laravel forum heroku\\vendor\\laravel\\framework\\src\\Illuminate\\Database\\Connection.php(331): PDO->prepare('select * from `...')
#1 D:\\Dev\\projects\\laravel forum heroku\\vendor\\laravel\\framework\\src\\Illuminate\\Database\\Connection.php(662): Illuminate\\Database\\Connection->Illuminate\\Database\\{closure}('select * from `...', Array)
#2 D:\\Dev\\projects\\laravel forum heroku\\vendor\\laravel\\framework\\src\\Illuminate\\Database\\Connection.php(629): Illuminate\\Database\\Connection->runQueryCallback('select * from `...', Array, Object(Closure))
#3 D:\\Dev\\projects\\laravel forum heroku\\vendor\\laravel\\framework\\src\\Illuminate\\Database\\Connection.php(338): Illuminate\\Database\\Connection->run('select * from `...', Array, Object(Closure))
#4 D:\\Dev\\projects\\laravel forum heroku\\vendor\\laravel\\framework\\src\\Illuminate\\Database\\Query\\Builder.php(2149): Illuminate\\Database\\Connection->select('select * from `...', Array, true)
#5 D:\\Dev\\projects\\laravel forum heroku\\vendor\\laravel\\framework\\src\\Illuminate\\Database\\Query\\Builder.php(2137): Illuminate\\Database\\Query\\Builder->runSelect()
#6 D:\\Dev\\projects\\laravel forum heroku\\vendor\\laravel\\framework\\src\\Illuminate\\Database\\Query\\Builder.php(2609): Illuminate\\Database\\Query\\Builder->Illuminate\\Database\\Query\\{closure}()
#7 D:\\Dev\\projects\\laravel forum heroku\\vendor\\laravel\\framework\\src\\Illuminate\\Database\\Query\\Builder.php(2138): Illuminate\\Database\\Query\\Builder->onceWithColumns(Array, Object(Closure))
#8 D:\\Dev\\projects\\laravel forum heroku\\vendor\\laravel\\framework\\src\\Illuminate\\Database\\Eloquent\\Builder.php(545): Illuminate\\Database\\Query\\Builder->get(Array)
#9 D:\\Dev\\projects\\laravel forum heroku\\vendor\\laravel\\framework\\src\\Illuminate\\Database\\Eloquent\\Builder.php(529): Illuminate\\Database\\Eloquent\\Builder->getModels(Array)
#10 D:\\Dev\\projects\\laravel forum heroku\\vendor\\laravel\\framework\\src\\Illuminate\\Database\\Eloquent\\Model.php(463): Illuminate\\Database\\Eloquent\\Builder->get(Array)
#11 D:\\Dev\\projects\\laravel forum heroku\\app\\Providers\\AppServiceProvider.php(31): Illuminate\\Database\\Eloquent\\Model::all()
#12 [internal function]: App\\Providers\\AppServiceProvider->boot()
#13 D:\\Dev\\projects\\laravel forum heroku\\vendor\\laravel\\framework\\src\\Illuminate\\Container\\BoundMethod.php(32): call_user_func_array(Array, Array)
#14 D:\\Dev\\projects\\laravel forum heroku\\vendor\\laravel\\framework\\src\\Illuminate\\Container\\Util.php(37): Illuminate\\Container\\BoundMethod::Illuminate\\Container\\{closure}()
#15 D:\\Dev\\projects\\laravel forum heroku\\vendor\\laravel\\framework\\src\\Illuminate\\Container\\BoundMethod.php(90): Illuminate\\Container\\Util::unwrapIfClosure(Object(Closure))
#16 D:\\Dev\\projects\\laravel forum heroku\\vendor\\laravel\\framework\\src\\Illuminate\\Container\\BoundMethod.php(34): Illuminate\\Container\\BoundMethod::callBoundMethod(Object(Illuminate\\Foundation\\Application), Array, Object(Closure))
#17 D:\\Dev\\projects\\laravel forum heroku\\vendor\\laravel\\framework\\src\\Illuminate\\Container\\Container.php(590): Illuminate\\Container\\BoundMethod::call(Object(Illuminate\\Foundation\\Application), Array, Array, NULL)
#18 D:\\Dev\\projects\\laravel forum heroku\\vendor\\laravel\\framework\\src\\Illuminate\\Foundation\\Application.php(856): Illuminate\\Container\\Container->call(Array)
#19 D:\\Dev\\projects\\laravel forum heroku\\vendor\\laravel\\framework\\src\\Illuminate\\Foundation\\Application.php(839): Illuminate\\Foundation\\Application->bootProvider(Object(App\\Providers\\AppServiceProvider))
#20 [internal function]: Illuminate\\Foundation\\Application->Illuminate\\Foundation\\{closure}(Object(App\\Providers\\AppServiceProvider), 19)
#21 D:\\Dev\\projects\\laravel forum heroku\\vendor\\laravel\\framework\\src\\Illuminate\\Foundation\\Application.php(840): array_walk(Array, Object(Closure))
#22 D:\\Dev\\projects\\laravel forum heroku\\vendor\\laravel\\framework\\src\\Illuminate\\Foundation\\Bootstrap\\BootProviders.php(17): Illuminate\\Foundation\\Application->boot()
#23 D:\\Dev\\projects\\laravel forum heroku\\vendor\\laravel\\framework\\src\\Illuminate\\Foundation\\Application.php(219): Illuminate\\Foundation\\Bootstrap\\BootProviders->bootstrap(Object(Illuminate\\Foundation\\Application))
#24 D:\\Dev\\projects\\laravel forum heroku\\vendor\\laravel\\framework\\src\\Illuminate\\Foundation\\Console\\Kernel.php(320): Illuminate\\Foundation\\Application->bootstrapWith(Array)
#25 D:\\Dev\\projects\\laravel forum heroku\\vendor\\laravel\\framework\\src\\Illuminate\\Foundation\\Console\\Kernel.php(129): Illuminate\\Foundation\\Console\\Kernel->bootstrap()
#26 D:\\Dev\\projects\\laravel forum heroku\\artisan(37): Illuminate\\Foundation\\Console\\Kernel->handle(Object(Symfony\\Component\\Console\\Input\\ArgvInput), Object(Symfony\\Component\\Console\\Output\\ConsoleOutput))
#27 {main}
"} 
[2023-05-19 18:17:34] local.ERROR: SQLSTATE[42S02]: Base table or view not found: 1146 Table 'forum.channels' doesn't exist (SQL: select * from `channels`) {"exception":"[object] (Illuminate\\Database\\QueryException(code: 42S02): SQLSTATE[42S02]: Base table or view not found: 1146 Table 'forum.channels' doesn't exist (SQL: select * from `channels`) at D:\\Dev\\projects\\laravel forum heroku\\vendor\\laravel\\framework\\src\\Illuminate\\Database\\Connection.php:669)
[stacktrace]
#0 D:\\Dev\\projects\\laravel forum heroku\\vendor\\laravel\\framework\\src\\Illuminate\\Database\\Connection.php(629): Illuminate\\Database\\Connection->runQueryCallback('select * from `...', Array, Object(Closure))
#1 D:\\Dev\\projects\\laravel forum heroku\\vendor\\laravel\\framework\\src\\Illuminate\\Database\\Connection.php(338): Illuminate\\Database\\Connection->run('select * from `...', Array, Object(Closure))
#2 D:\\Dev\\projects\\laravel forum heroku\\vendor\\laravel\\framework\\src\\Illuminate\\Database\\Query\\Builder.php(2149): Illuminate\\Database\\Connection->select('select * from `...', Array, true)
#3 D:\\Dev\\projects\\laravel forum heroku\\vendor\\laravel\\framework\\src\\Illuminate\\Database\\Query\\Builder.php(2137): Illuminate\\Database\\Query\\Builder->runSelect()
#4 D:\\Dev\\projects\\laravel forum heroku\\vendor\\laravel\\framework\\src\\Illuminate\\Database\\Query\\Builder.php(2609): Illuminate\\Database\\Query\\Builder->Illuminate\\Database\\Query\\{closure}()
#5 D:\\Dev\\projects\\laravel forum heroku\\vendor\\laravel\\framework\\src\\Illuminate\\Database\\Query\\Builder.php(2138): Illuminate\\Database\\Query\\Builder->onceWithColumns(Array, Object(Closure))
#6 D:\\Dev\\projects\\laravel forum heroku\\vendor\\laravel\\framework\\src\\Illuminate\\Database\\Eloquent\\Builder.php(545): Illuminate\\Database\\Query\\Builder->get(Array)
#7 D:\\Dev\\projects\\laravel forum heroku\\vendor\\laravel\\framework\\src\\Illuminate\\Database\\Eloquent\\Builder.php(529): Illuminate\\Database\\Eloquent\\Builder->getModels(Array)
#8 D:\\Dev\\projects\\laravel forum heroku\\vendor\\laravel\\framework\\src\\Illuminate\\Database\\Eloquent\\Model.php(463): Illuminate\\Database\\Eloquent\\Builder->get(Array)
#9 D:\\Dev\\projects\\laravel forum heroku\\app\\Providers\\AppServiceProvider.php(31): Illuminate\\Database\\Eloquent\\Model::all()
#10 [internal function]: App\\Providers\\AppServiceProvider->boot()
#11 D:\\Dev\\projects\\laravel forum heroku\\vendor\\laravel\\framework\\src\\Illuminate\\Container\\BoundMethod.php(32): call_user_func_array(Array, Array)
#12 D:\\Dev\\projects\\laravel forum heroku\\vendor\\laravel\\framework\\src\\Illuminate\\Container\\Util.php(37): Illuminate\\Container\\BoundMethod::Illuminate\\Container\\{closure}()
#13 D:\\Dev\\projects\\laravel forum heroku\\vendor\\laravel\\framework\\src\\Illuminate\\Container\\BoundMethod.php(90): Illuminate\\Container\\Util::unwrapIfClosure(Object(Closure))
#14 D:\\Dev\\projects\\laravel forum heroku\\vendor\\laravel\\framework\\src\\Illuminate\\Container\\BoundMethod.php(34): Illuminate\\Container\\BoundMethod::callBoundMethod(Object(Illuminate\\Foundation\\Application), Array, Object(Closure))
#15 D:\\Dev\\projects\\laravel forum heroku\\vendor\\laravel\\framework\\src\\Illuminate\\Container\\Container.php(590): Illuminate\\Container\\BoundMethod::call(Object(Illuminate\\Foundation\\Application), Array, Array, NULL)
#16 D:\\Dev\\projects\\laravel forum heroku\\vendor\\laravel\\framework\\src\\Illuminate\\Foundation\\Application.php(856): Illuminate\\Container\\Container->call(Array)
#17 D:\\Dev\\projects\\laravel forum heroku\\vendor\\laravel\\framework\\src\\Illuminate\\Foundation\\Application.php(839): Illuminate\\Foundation\\Application->bootProvider(Object(App\\Providers\\AppServiceProvider))
#18 [internal function]: Illuminate\\Foundation\\Application->Illuminate\\Foundation\\{closure}(Object(App\\Providers\\AppServiceProvider), 19)
#19 D:\\Dev\\projects\\laravel forum heroku\\vendor\\laravel\\framework\\src\\Illuminate\\Foundation\\Application.php(840): array_walk(Array, Object(Closure))
#20 D:\\Dev\\projects\\laravel forum heroku\\vendor\\laravel\\framework\\src\\Illuminate\\Foundation\\Bootstrap\\BootProviders.php(17): Illuminate\\Foundation\\Application->boot()
#21 D:\\Dev\\projects\\laravel forum heroku\\vendor\\laravel\\framework\\src\\Illuminate\\Foundation\\Application.php(219): Illuminate\\Foundation\\Bootstrap\\BootProviders->bootstrap(Object(Illuminate\\Foundation\\Application))
#22 D:\\Dev\\projects\\laravel forum heroku\\vendor\\laravel\\framework\\src\\Illuminate\\Foundation\\Console\\Kernel.php(320): Illuminate\\Foundation\\Application->bootstrapWith(Array)
#23 D:\\Dev\\projects\\laravel forum heroku\\vendor\\laravel\\framework\\src\\Illuminate\\Foundation\\Console\\Kernel.php(129): Illuminate\\Foundation\\Console\\Kernel->bootstrap()
#24 D:\\Dev\\projects\\laravel forum heroku\\artisan(37): Illuminate\\Foundation\\Console\\Kernel->handle(Object(Symfony\\Component\\Console\\Input\\ArgvInput), Object(Symfony\\Component\\Console\\Output\\ConsoleOutput))
#25 {main}

[previous exception] [object] (PDOException(code: 42S02): SQLSTATE[42S02]: Base table or view not found: 1146 Table 'forum.channels' doesn't exist at D:\\Dev\\projects\\laravel forum heroku\\vendor\\laravel\\framework\\src\\Illuminate\\Database\\Connection.php:331)
[stacktrace]
#0 D:\\Dev\\projects\\laravel forum heroku\\vendor\\laravel\\framework\\src\\Illuminate\\Database\\Connection.php(331): PDO->prepare('select * from `...')
#1 D:\\Dev\\projects\\laravel forum heroku\\vendor\\laravel\\framework\\src\\Illuminate\\Database\\Connection.php(662): Illuminate\\Database\\Connection->Illuminate\\Database\\{closure}('select * from `...', Array)
#2 D:\\Dev\\projects\\laravel forum heroku\\vendor\\laravel\\framework\\src\\Illuminate\\Database\\Connection.php(629): Illuminate\\Database\\Connection->runQueryCallback('select * from `...', Array, Object(Closure))
#3 D:\\Dev\\projects\\laravel forum heroku\\vendor\\laravel\\framework\\src\\Illuminate\\Database\\Connection.php(338): Illuminate\\Database\\Connection->run('select * from `...', Array, Object(Closure))
#4 D:\\Dev\\projects\\laravel forum heroku\\vendor\\laravel\\framework\\src\\Illuminate\\Database\\Query\\Builder.php(2149): Illuminate\\Database\\Connection->select('select * from `...', Array, true)
#5 D:\\Dev\\projects\\laravel forum heroku\\vendor\\laravel\\framework\\src\\Illuminate\\Database\\Query\\Builder.php(2137): Illuminate\\Database\\Query\\Builder->runSelect()
#6 D:\\Dev\\projects\\laravel forum heroku\\vendor\\laravel\\framework\\src\\Illuminate\\Database\\Query\\Builder.php(2609): Illuminate\\Database\\Query\\Builder->Illuminate\\Database\\Query\\{closure}()
#7 D:\\Dev\\projects\\laravel forum heroku\\vendor\\laravel\\framework\\src\\Illuminate\\Database\\Query\\Builder.php(2138): Illuminate\\Database\\Query\\Builder->onceWithColumns(Array, Object(Closure))
#8 D:\\Dev\\projects\\laravel forum heroku\\vendor\\laravel\\framework\\src\\Illuminate\\Database\\Eloquent\\Builder.php(545): Illuminate\\Database\\Query\\Builder->get(Array)
#9 D:\\Dev\\projects\\laravel forum heroku\\vendor\\laravel\\framework\\src\\Illuminate\\Database\\Eloquent\\Builder.php(529): Illuminate\\Database\\Eloquent\\Builder->getModels(Array)
#10 D:\\Dev\\projects\\laravel forum heroku\\vendor\\laravel\\framework\\src\\Illuminate\\Database\\Eloquent\\Model.php(463): Illuminate\\Database\\Eloquent\\Builder->get(Array)
#11 D:\\Dev\\projects\\laravel forum heroku\\app\\Providers\\AppServiceProvider.php(31): Illuminate\\Database\\Eloquent\\Model::all()
#12 [internal function]: App\\Providers\\AppServiceProvider->boot()
#13 D:\\Dev\\projects\\laravel forum heroku\\vendor\\laravel\\framework\\src\\Illuminate\\Container\\BoundMethod.php(32): call_user_func_array(Array, Array)
#14 D:\\Dev\\projects\\laravel forum heroku\\vendor\\laravel\\framework\\src\\Illuminate\\Container\\Util.php(37): Illuminate\\Container\\BoundMethod::Illuminate\\Container\\{closure}()
#15 D:\\Dev\\projects\\laravel forum heroku\\vendor\\laravel\\framework\\src\\Illuminate\\Container\\BoundMethod.php(90): Illuminate\\Container\\Util::unwrapIfClosure(Object(Closure))
#16 D:\\Dev\\projects\\laravel forum heroku\\vendor\\laravel\\framework\\src\\Illuminate\\Container\\BoundMethod.php(34): Illuminate\\Container\\BoundMethod::callBoundMethod(Object(Illuminate\\Foundation\\Application), Array, Object(Closure))
#17 D:\\Dev\\projects\\laravel forum heroku\\vendor\\laravel\\framework\\src\\Illuminate\\Container\\Container.php(590): Illuminate\\Container\\BoundMethod::call(Object(Illuminate\\Foundation\\Application), Array, Array, NULL)
#18 D:\\Dev\\projects\\laravel forum heroku\\vendor\\laravel\\framework\\src\\Illuminate\\Foundation\\Application.php(856): Illuminate\\Container\\Container->call(Array)
#19 D:\\Dev\\projects\\laravel forum heroku\\vendor\\laravel\\framework\\src\\Illuminate\\Foundation\\Application.php(839): Illuminate\\Foundation\\Application->bootProvider(Object(App\\Providers\\AppServiceProvider))
#20 [internal function]: Illuminate\\Foundation\\Application->Illuminate\\Foundation\\{closure}(Object(App\\Providers\\AppServiceProvider), 19)
#21 D:\\Dev\\projects\\laravel forum heroku\\vendor\\laravel\\framework\\src\\Illuminate\\Foundation\\Application.php(840): array_walk(Array, Object(Closure))
#22 D:\\Dev\\projects\\laravel forum heroku\\vendor\\laravel\\framework\\src\\Illuminate\\Foundation\\Bootstrap\\BootProviders.php(17): Illuminate\\Foundation\\Application->boot()
#23 D:\\Dev\\projects\\laravel forum heroku\\vendor\\laravel\\framework\\src\\Illuminate\\Foundation\\Application.php(219): Illuminate\\Foundation\\Bootstrap\\BootProviders->bootstrap(Object(Illuminate\\Foundation\\Application))
#24 D:\\Dev\\projects\\laravel forum heroku\\vendor\\laravel\\framework\\src\\Illuminate\\Foundation\\Console\\Kernel.php(320): Illuminate\\Foundation\\Application->bootstrapWith(Array)
#25 D:\\Dev\\projects\\laravel forum heroku\\vendor\\laravel\\framework\\src\\Illuminate\\Foundation\\Console\\Kernel.php(129): Illuminate\\Foundation\\Console\\Kernel->bootstrap()
#26 D:\\Dev\\projects\\laravel forum heroku\\artisan(37): Illuminate\\Foundation\\Console\\Kernel->handle(Object(Symfony\\Component\\Console\\Input\\ArgvInput), Object(Symfony\\Component\\Console\\Output\\ConsoleOutput))
#27 {main}
"} 
